number of commands: 20
mumber of words: 29

commands table:

______________________________________________________________________
|    cmd:     |   cmd code: |hex argument:|  register:  |   label:    |
|_____________|_____________|_____________|_____________|_____________|
|           in|            4|            0|            0|           -2|
|_____________|_____________|_____________|_____________|_____________|
|       pop ax|           66|         dead|            1|           -2|
|_____________|_____________|_____________|_____________|_____________|
|      push ax|           65|         dead|            1|           -2|
|_____________|_____________|_____________|_____________|_____________|
|   factorial:|           -2|            0|            0|           -2|
|_____________|_____________|_____________|_____________|_____________|
|      push ax|           65|         dead|            1|           -2|
|_____________|_____________|_____________|_____________|_____________|
|       push 1|           33|            1|            0|           -2|
|_____________|_____________|_____________|_____________|_____________|
|          sub|            6|            0|            0|           -2|
|_____________|_____________|_____________|_____________|_____________|
|      push ax|           65|         dead|            1|           -2|
|_____________|_____________|_____________|_____________|_____________|
|       push 1|           33|            1|            0|           -2|
|_____________|_____________|_____________|_____________|_____________|
|          sub|            6|            0|            0|           -2|
|_____________|_____________|_____________|_____________|_____________|
|       pop ax|           66|         dead|            1|           -2|
|_____________|_____________|_____________|_____________|_____________|
|      push ax|           65|         dead|            1|           -2|
|_____________|_____________|_____________|_____________|_____________|
|       push 1|           33|            1|            0|           -2|
|_____________|_____________|_____________|_____________|_____________|
|       je end|           16|         dead|            0|           25|
|_____________|_____________|_____________|_____________|_____________|
|call factorial|           19|         dead|            0|            5|
|_____________|_____________|_____________|_____________|_____________|
|         end:|           -2|            0|            0|           -2|
|_____________|_____________|_____________|_____________|_____________|
|          mul|            7|            0|            0|           -2|
|_____________|_____________|_____________|_____________|_____________|
|          ret|           20|            0|            0|           -2|
|_____________|_____________|_____________|_____________|_____________|
|          out|            3|            0|            0|           -2|
|_____________|_____________|_____________|_____________|_____________|
|          hlt|           -1|            0|            0|           -2|
|_____________|_____________|_____________|_____________|_____________|

labels table:

address: 5 name: factorial:
address: 25 name: end:
address: -2 name: (null)
address: -2 name: (null)
address: -2 name: (null)
address: -2 name: (null)
address: -2 name: (null)
address: -2 name: (null)
address: -2 name: (null)
address: -2 name: (null)
address: -2 name: (null)
address: -2 name: (null)
address: -2 name: (null)
address: -2 name: (null)
address: -2 name: (null)
address: -2 name: (null)
address: -2 name: (null)
address: -2 name: (null)
address: -2 name: (null)
address: -2 name: (null)

output buffer:

4 66 1 65 1 65 1 33 1 6 65 1 33 1 6 66 1 65 1 33 1 16 25 19 5 7 20 3 -1 
